2021-02-27 16:53:34.148  INFO 2618 --- [main] t.esprit.spring.BackSpringPiApplication  : Starting BackSpringPiApplication on MacBook-Pro-de-wided.local with PID 2618 (started by wided in /Users/wided/Desktop/4SAE5/[ASI II Spring] Thouraya LOUATI/workspace-sts-3.8.4.RELEASE/Back_Spring_PI)
2021-02-27 16:53:34.152  INFO 2618 --- [main] t.esprit.spring.BackSpringPiApplication  : No active profile set, falling back to default profiles: default
2021-02-27 16:53:34.866  INFO 2618 --- [main] .s.d.r.c.RepositoryConfigurationDelegate : Bootstrapping Spring Data repositories in DEFAULT mode.
2021-02-27 16:53:34.887  INFO 2618 --- [main] .s.d.r.c.RepositoryConfigurationDelegate : Finished Spring Data repository scanning in 11ms. Found 0 repository interfaces.
2021-02-27 16:53:35.261  INFO 2618 --- [main] trationDelegate$BeanPostProcessorChecker : Bean 'org.springframework.transaction.annotation.ProxyTransactionManagementConfiguration' of type [org.springframework.transaction.annotation.ProxyTransactionManagementConfiguration] is not eligible for getting processed by all BeanPostProcessors (for example: not eligible for auto-proxying)
2021-02-27 16:53:35.768  INFO 2618 --- [main] o.s.b.w.embedded.tomcat.TomcatWebServer  : Tomcat initialized with port(s): 8080 (http)
2021-02-27 16:53:35.781  INFO 2618 --- [main] o.apache.catalina.core.StandardService   : Starting service [Tomcat]
2021-02-27 16:53:35.781  INFO 2618 --- [main] org.apache.catalina.core.StandardEngine  : Starting Servlet engine: [Apache Tomcat/9.0.27]
2021-02-27 16:53:35.899  INFO 2618 --- [main] o.a.c.c.C.[.[localhost].[/SpringMVC]     : Initializing Spring embedded WebApplicationContext
2021-02-27 16:53:35.899  INFO 2618 --- [main] o.s.web.context.ContextLoader            : Root WebApplicationContext: initialization completed in 1690 ms
2021-02-27 16:53:36.181  INFO 2618 --- [main] o.hibernate.jpa.internal.util.LogHelper  : HHH000204: Processing PersistenceUnitInfo [name: default]
2021-02-27 16:53:36.358  INFO 2618 --- [main] org.hibernate.Version                    : HHH000412: Hibernate Core {5.4.8.Final}
2021-02-27 16:53:36.571  INFO 2618 --- [main] o.hibernate.annotations.common.Version   : HCANN000001: Hibernate Commons Annotations {5.1.0.Final}
2021-02-27 16:53:36.708  INFO 2618 --- [main] com.zaxxer.hikari.HikariDataSource       : HikariPool-1 - Starting...
2021-02-27 16:53:36.899  INFO 2618 --- [main] com.zaxxer.hikari.HikariDataSource       : HikariPool-1 - Start completed.
2021-02-27 16:53:36.918  INFO 2618 --- [main] org.hibernate.dialect.Dialect            : HHH000400: Using dialect: org.hibernate.dialect.MySQL5InnoDBDialect
2021-02-27 16:53:37.213  INFO 2618 --- [main] o.h.e.t.j.p.i.JtaPlatformInitiator       : HHH000490: Using JtaPlatform implementation: [org.hibernate.engine.transaction.jta.platform.internal.NoJtaPlatform]
2021-02-27 16:53:37.221  INFO 2618 --- [main] j.LocalContainerEntityManagerFactoryBean : Initialized JPA EntityManagerFactory for persistence unit 'default'
2021-02-27 16:53:37.279  WARN 2618 --- [main] JpaBaseConfiguration$JpaWebConfiguration : spring.jpa.open-in-view is enabled by default. Therefore, database queries may be performed during view rendering. Explicitly configure spring.jpa.open-in-view to disable this warning
2021-02-27 16:53:37.489  INFO 2618 --- [main] o.s.s.concurrent.ThreadPoolTaskExecutor  : Initializing ExecutorService 'applicationTaskExecutor'
2021-02-27 16:53:37.747  INFO 2618 --- [main] o.apache.catalina.core.StandardService   : Stopping service [Tomcat]
2021-02-27 16:53:37.753  INFO 2618 --- [main] ConditionEvaluationReportLoggingListener : 

Error starting ApplicationContext. To display the conditions report re-run your application with 'debug' enabled.
2021-02-27 16:53:37.755 ERROR 2618 --- [main] o.s.b.d.LoggingFailureAnalysisReporter   : 

***************************
APPLICATION FAILED TO START
***************************

Description:

Web server failed to start. Port 8080 was already in use.

Action:

Identify and stop the process that's listening on port 8080 or configure this application to listen on another port.

2021-02-27 16:53:37.758  INFO 2618 --- [main] o.s.s.concurrent.ThreadPoolTaskExecutor  : Shutting down ExecutorService 'applicationTaskExecutor'
2021-02-27 16:53:37.759  INFO 2618 --- [main] j.LocalContainerEntityManagerFactoryBean : Closing JPA EntityManagerFactory for persistence unit 'default'
2021-02-27 16:53:37.761  INFO 2618 --- [main] com.zaxxer.hikari.HikariDataSource       : HikariPool-1 - Shutdown initiated...
2021-02-27 16:53:37.770  INFO 2618 --- [main] com.zaxxer.hikari.HikariDataSource       : HikariPool-1 - Shutdown completed.
2021-02-27 16:53:49.631  INFO 2625 --- [main] t.esprit.spring.BackSpringPiApplication  : Starting BackSpringPiApplication on MacBook-Pro-de-wided.local with PID 2625 (started by wided in /Users/wided/Desktop/4SAE5/[ASI II Spring] Thouraya LOUATI/workspace-sts-3.8.4.RELEASE/Back_Spring_PI)
2021-02-27 16:53:49.634  INFO 2625 --- [main] t.esprit.spring.BackSpringPiApplication  : No active profile set, falling back to default profiles: default
2021-02-27 16:53:50.449  INFO 2625 --- [main] .s.d.r.c.RepositoryConfigurationDelegate : Bootstrapping Spring Data repositories in DEFAULT mode.
2021-02-27 16:53:50.469  INFO 2625 --- [main] .s.d.r.c.RepositoryConfigurationDelegate : Finished Spring Data repository scanning in 14ms. Found 0 repository interfaces.
2021-02-27 16:53:50.987  INFO 2625 --- [main] trationDelegate$BeanPostProcessorChecker : Bean 'org.springframework.transaction.annotation.ProxyTransactionManagementConfiguration' of type [org.springframework.transaction.annotation.ProxyTransactionManagementConfiguration] is not eligible for getting processed by all BeanPostProcessors (for example: not eligible for auto-proxying)
2021-02-27 16:53:51.300  INFO 2625 --- [main] o.s.b.w.embedded.tomcat.TomcatWebServer  : Tomcat initialized with port(s): 8080 (http)
2021-02-27 16:53:51.311  INFO 2625 --- [main] o.apache.catalina.core.StandardService   : Starting service [Tomcat]
2021-02-27 16:53:51.311  INFO 2625 --- [main] org.apache.catalina.core.StandardEngine  : Starting Servlet engine: [Apache Tomcat/9.0.27]
2021-02-27 16:53:51.397  INFO 2625 --- [main] o.a.c.c.C.[.[localhost].[/SpringMVC]     : Initializing Spring embedded WebApplicationContext
2021-02-27 16:53:51.397  INFO 2625 --- [main] o.s.web.context.ContextLoader            : Root WebApplicationContext: initialization completed in 1709 ms
2021-02-27 16:53:51.622  INFO 2625 --- [main] o.hibernate.jpa.internal.util.LogHelper  : HHH000204: Processing PersistenceUnitInfo [name: default]
2021-02-27 16:53:51.772  INFO 2625 --- [main] org.hibernate.Version                    : HHH000412: Hibernate Core {5.4.8.Final}
2021-02-27 16:53:51.903  INFO 2625 --- [main] o.hibernate.annotations.common.Version   : HCANN000001: Hibernate Commons Annotations {5.1.0.Final}
2021-02-27 16:53:52.013  INFO 2625 --- [main] com.zaxxer.hikari.HikariDataSource       : HikariPool-1 - Starting...
2021-02-27 16:53:52.203  INFO 2625 --- [main] com.zaxxer.hikari.HikariDataSource       : HikariPool-1 - Start completed.
2021-02-27 16:53:52.217  INFO 2625 --- [main] org.hibernate.dialect.Dialect            : HHH000400: Using dialect: org.hibernate.dialect.MySQL5InnoDBDialect
2021-02-27 16:53:52.466  INFO 2625 --- [main] o.h.e.t.j.p.i.JtaPlatformInitiator       : HHH000490: Using JtaPlatform implementation: [org.hibernate.engine.transaction.jta.platform.internal.NoJtaPlatform]
2021-02-27 16:53:52.472  INFO 2625 --- [main] j.LocalContainerEntityManagerFactoryBean : Initialized JPA EntityManagerFactory for persistence unit 'default'
2021-02-27 16:53:52.526  WARN 2625 --- [main] JpaBaseConfiguration$JpaWebConfiguration : spring.jpa.open-in-view is enabled by default. Therefore, database queries may be performed during view rendering. Explicitly configure spring.jpa.open-in-view to disable this warning
2021-02-27 16:53:52.726  INFO 2625 --- [main] o.s.s.concurrent.ThreadPoolTaskExecutor  : Initializing ExecutorService 'applicationTaskExecutor'
2021-02-27 16:53:53.007  INFO 2625 --- [main] o.s.b.w.embedded.tomcat.TomcatWebServer  : Tomcat started on port(s): 8080 (http) with context path '/SpringMVC'
2021-02-27 16:53:53.010  INFO 2625 --- [main] t.esprit.spring.BackSpringPiApplication  : Started BackSpringPiApplication in 3.769 seconds (JVM running for 4.238)
2021-02-27 16:54:15.594  INFO 2625 --- [RMI TCP Connection(2)-127.0.0.1] inMXBeanRegistrar$SpringApplicationAdmin : Application shutdown requested.
2021-02-27 16:54:15.598  INFO 2625 --- [RMI TCP Connection(2)-127.0.0.1] o.s.s.concurrent.ThreadPoolTaskExecutor  : Shutting down ExecutorService 'applicationTaskExecutor'
2021-02-27 16:54:15.598  INFO 2625 --- [RMI TCP Connection(2)-127.0.0.1] j.LocalContainerEntityManagerFactoryBean : Closing JPA EntityManagerFactory for persistence unit 'default'
2021-02-27 16:54:15.600  INFO 2625 --- [RMI TCP Connection(2)-127.0.0.1] com.zaxxer.hikari.HikariDataSource       : HikariPool-1 - Shutdown initiated...
2021-02-27 16:54:15.609  INFO 2625 --- [RMI TCP Connection(2)-127.0.0.1] com.zaxxer.hikari.HikariDataSource       : HikariPool-1 - Shutdown completed.
